# JRE version: OpenJDK Runtime Environment GraalVM CE 22.3.0 (17.0.5+8) (build 17.0.5+8-jvmci-22.3-b08)
# Java VM: OpenJDK 64-Bit Server VM GraalVM CE 22.3.0 (17.0.5+8-jvmci-22.3-b08, mixed mode, sharing, tiered, jvmci, jvmci compiler, compressed oops, compressed class ptrs, parallel gc, linux-amd64)
GC Precious Log:
 CPUs: 4 total, 1 available
 Memory: 1024M
 Large Page Support: Disabled
 NUMA Support: Disabled
 Compressed Oops: Enabled (32-bit)
 Alignments: Space 512K, Generation 512K, Heap 2M
 Heap Min Capacity: 100M
 Heap Initial Capacity: 100M
 Heap Max Capacity: 512M
 Pre-touch: Disabled
 Parallel Workers: 1
Heap:
 PSYoungGen      total 37888K, used 29184K [0x00000000f5580000, 0x00000000f8800000, 0x0000000100000000)
  eden space 29184K, 100% used [0x00000000f5580000,0x00000000f7200000,0x00000000f7200000)
  from space 8704K, 0% used [0x00000000f7f80000,0x00000000f7f80000,0x00000000f8800000)
  to   space 11264K, 0% used [0x00000000f7200000,0x00000000f7200000,0x00000000f7d00000)
 ParOldGen       total 349696K, used 349696K [0x00000000e0000000, 0x00000000f5580000, 0x00000000f5580000)
  object space 349696K, 100% used [0x00000000e0000000,0x00000000f5580000,0x00000000f5580000)
 Metaspace       used 50335K, committed 51200K, reserved 1097728K
  class space    used 5012K, committed 5376K, reserved 1048576K
GC Heap History (20 events):
Event: 711.211 GC heap before
{Heap before GC invocations=628 (full 486):
 PSYoungGen      total 37888K, used 29183K [0x00000000f5580000, 0x00000000f8800000, 0x0000000100000000)
  eden space 29184K, 99% used [0x00000000f5580000,0x00000000f71ffff8,0x00000000f7200000)
  from space 8704K, 0% used [0x00000000f7f80000,0x00000000f7f80000,0x00000000f8800000)
  to   space 11264K, 0% used [0x00000000f7200000,0x00000000f7200000,0x00000000f7d00000)
 ParOldGen       total 349696K, used 349696K [0x00000000e0000000, 0x00000000f5580000, 0x00000000f5580000)
  object space 349696K, 100% used [0x00000000e0000000,0x00000000f5580000,0x00000000f5580000)
 Metaspace       used 50335K, committed 51200K, reserved 1097728K
  class space    used 5012K, committed 5376K, reserved 1048576K
}
Event: 712.469 GC heap after
{Heap after GC invocations=628 (full 486):
 PSYoungGen      total 40448K, used 29183K [0x00000000f5580000, 0x00000000f8800000, 0x0000000100000000)
  eden space 29184K, 99% used [0x00000000f5580000,0x00000000f71fff38,0x00000000f7200000)
  from space 11264K, 0% used [0x00000000f7200000,0x00000000f7200000,0x00000000f7d00000)
  to   space 8704K, 0% used [0x00000000f7f80000,0x00000000f7f80000,0x00000000f8800000)
 ParOldGen       total 349696K, used 349695K [0x00000000e0000000, 0x00000000f5580000, 0x00000000f5580000)
  object space 349696K, 99% used [0x00000000e0000000,0x00000000f557ffb8,0x00000000f5580000)
 Metaspace       used 50335K, committed 51200K, reserved 1097728K
  class space    used 5012K, committed 5376K, reserved 1048576K
}
Event: 712.470 GC heap before
{Heap before GC invocations=629 (full 487):
 PSYoungGen      total 40448K, used 29183K [0x00000000f5580000, 0x00000000f8800000, 0x0000000100000000)
  eden space 29184K, 99% used [0x00000000f5580000,0x00000000f71ffff8,0x00000000f7200000)
  from space 11264K, 0% used [0x00000000f7200000,0x00000000f7200000,0x00000000f7d00000)
  to   space 8704K, 0% used [0x00000000f7f80000,0x00000000f7f80000,0x00000000f8800000)
 ParOldGen       total 349696K, used 349695K [0x00000000e0000000, 0x00000000f5580000, 0x00000000f5580000)
  object space 349696K, 99% used [0x00000000e0000000,0x00000000f557ffb8,0x00000000f5580000)
 Metaspace       used 50335K, committed 51200K, reserved 1097728K
  class space    used 5012K, committed 5376K, reserved 1048576K
}
Event: 713.776 GC heap after
{Heap after GC invocations=629 (full 487):
 PSYoungGen      total 37888K, used 29183K [0x00000000f5580000, 0x00000000f8800000, 0x0000000100000000)
  eden space 29184K, 99% used [0x00000000f5580000,0x00000000f71ffff8,0x00000000f7200000)
  from space 8704K, 0% used [0x00000000f7f80000,0x00000000f7f80000,0x00000000f8800000)
  to   space 11264K, 0% used [0x00000000f7200000,0x00000000f7200000,0x00000000f7d00000)
 ParOldGen       total 349696K, used 349695K [0x00000000e0000000, 0x00000000f5580000, 0x00000000f5580000)
  object space 349696K, 99% used [0x00000000e0000000,0x00000000f557ff88,0x00000000f5580000)
 Metaspace       used 50335K, committed 51200K, reserved 1097728K
  class space    used 5012K, committed 5376K, reserved 1048576K
}
Event: 713.781 GC heap before
{Heap before GC invocations=630 (full 488):
 PSYoungGen      total 37888K, used 29183K [0x00000000f5580000, 0x00000000f8800000, 0x0000000100000000)
  eden space 29184K, 99% used [0x00000000f5580000,0x00000000f71ffff8,0x00000000f7200000)
  from space 8704K, 0% used [0x00000000f7f80000,0x00000000f7f80000,0x00000000f8800000)
  to   space 11264K, 0% used [0x00000000f7200000,0x00000000f7200000,0x00000000f7d00000)
 ParOldGen       total 349696K, used 349695K [0x00000000e0000000, 0x00000000f5580000, 0x00000000f5580000)
  object space 349696K, 99% used [0x00000000e0000000,0x00000000f557ffa0,0x00000000f5580000)
 Metaspace       used 50335K, committed 51200K, reserved 1097728K
  class space    used 5012K, committed 5376K, reserved 1048576K
}
Event: 715.092 GC heap after
{Heap after GC invocations=630 (full 488):
 PSYoungGen      total 40448K, used 29183K [0x00000000f5580000, 0x00000000f8800000, 0x0000000100000000)
  eden space 29184K, 99% used [0x00000000f5580000,0x00000000f71ffff8,0x00000000f7200000)
  from space 11264K, 0% used [0x00000000f7200000,0x00000000f7200000,0x00000000f7d00000)
  to   space 8704K, 0% used [0x00000000f7f80000,0x00000000f7f80000,0x00000000f8800000)
 ParOldGen       total 349696K, used 349695K [0x00000000e0000000, 0x00000000f5580000, 0x00000000f5580000)
  object space 349696K, 99% used [0x00000000e0000000,0x00000000f557ff80,0x00000000f5580000)
 Metaspace       used 50335K, committed 51200K, reserved 1097728K
  class space    used 5012K, committed 5376K, reserved 1048576K
}
Event: 715.093 GC heap before
{Heap before GC invocations=631 (full 489):
 PSYoungGen      total 40448K, used 29183K [0x00000000f5580000, 0x00000000f8800000, 0x0000000100000000)
  eden space 29184K, 99% used [0x00000000f5580000,0x00000000f71ffff8,0x00000000f7200000)
  from space 11264K, 0% used [0x00000000f7200000,0x00000000f7200000,0x00000000f7d00000)
  to   space 8704K, 0% used [0x00000000f7f80000,0x00000000f7f80000,0x00000000f8800000)
 ParOldGen       total 349696K, used 349696K [0x00000000e0000000, 0x00000000f5580000, 0x00000000f5580000)
  object space 349696K, 100% used [0x00000000e0000000,0x00000000f5580000,0x00000000f5580000)
 Metaspace       used 50335K, committed 51200K, reserved 1097728K
  class space    used 5012K, committed 5376K, reserved 1048576K
}
Event: 716.448 GC heap after
{Heap after GC invocations=631 (full 489):
 PSYoungGen      total 37888K, used 29183K [0x00000000f5580000, 0x00000000f8800000, 0x0000000100000000)
  eden space 29184K, 99% used [0x00000000f5580000,0x00000000f71ffff8,0x00000000f7200000)
  from space 8704K, 0% used [0x00000000f7f80000,0x00000000f7f80000,0x00000000f8800000)
  to   space 11264K, 0% used [0x00000000f7200000,0x00000000f7200000,0x00000000f7d00000)
 ParOldGen       total 349696K, used 349695K [0x00000000e0000000, 0x00000000f5580000, 0x00000000f5580000)
  object space 349696K, 99% used [0x00000000e0000000,0x00000000f557ffd0,0x00000000f5580000)
 Metaspace       used 50335K, committed 51200K, reserved 1097728K
  class space    used 5012K, committed 5376K, reserved 1048576K
}
Event: 716.456 GC heap before
{Heap before GC invocations=632 (full 490):
 PSYoungGen      total 37888K, used 29183K [0x00000000f5580000, 0x00000000f8800000, 0x0000000100000000)
  eden space 29184K, 99% used [0x00000000f5580000,0x00000000f71ffff8,0x00000000f7200000)
  from space 8704K, 0% used [0x00000000f7f80000,0x00000000f7f80000,0x00000000f8800000)
  to   space 11264K, 0% used [0x00000000f7200000,0x00000000f7200000,0x00000000f7d00000)
 ParOldGen       total 349696K, used 349696K [0x00000000e0000000, 0x00000000f5580000, 0x00000000f5580000)
  object space 349696K, 100% used [0x00000000e0000000,0x00000000f5580000,0x00000000f5580000)
 Metaspace       used 50335K, committed 51200K, reserved 1097728K
  class space    used 5012K, committed 5376K, reserved 1048576K
}
Event: 717.601 GC heap after
{Heap after GC invocations=632 (full 490):
 PSYoungGen      total 40448K, used 29183K [0x00000000f5580000, 0x00000000f8800000, 0x0000000100000000)
  eden space 29184K, 99% used [0x00000000f5580000,0x00000000f71ffff8,0x00000000f7200000)
  from space 11264K, 0% used [0x00000000f7200000,0x00000000f7200000,0x00000000f7d00000)
  to   space 8704K, 0% used [0x00000000f7f80000,0x00000000f7f80000,0x00000000f8800000)
 ParOldGen       total 349696K, used 349695K [0x00000000e0000000, 0x00000000f5580000, 0x00000000f5580000)
  object space 349696K, 99% used [0x00000000e0000000,0x00000000f557ffe8,0x00000000f5580000)
 Metaspace       used 50335K, committed 51200K, reserved 1097728K
  class space    used 5012K, committed 5376K, reserved 1048576K
}
Event: 717.602 GC heap before
{Heap before GC invocations=633 (full 491):
 PSYoungGen      total 40448K, used 29183K [0x00000000f5580000, 0x00000000f8800000, 0x0000000100000000)
  eden space 29184K, 99% used [0x00000000f5580000,0x00000000f71ffff8,0x00000000f7200000)
  from space 11264K, 0% used [0x00000000f7200000,0x00000000f7200000,0x00000000f7d00000)
  to   space 8704K, 0% used [0x00000000f7f80000,0x00000000f7f80000,0x00000000f8800000)
 ParOldGen       total 349696K, used 349696K [0x00000000e0000000, 0x00000000f5580000, 0x00000000f5580000)
  object space 349696K, 100% used [0x00000000e0000000,0x00000000f5580000,0x00000000f5580000)
 Metaspace       used 50335K, committed 51200K, reserved 1097728K
  class space    used 5012K, committed 5376K, reserved 1048576K
}
Event: 718.862 GC heap after
{Heap after GC invocations=633 (full 491):
 PSYoungGen      total 37888K, used 29183K [0x00000000f5580000, 0x00000000f8800000, 0x0000000100000000)
  eden space 29184K, 99% used [0x00000000f5580000,0x00000000f71ffff8,0x00000000f7200000)
  from space 8704K, 0% used [0x00000000f7f80000,0x00000000f7f80000,0x00000000f8800000)
  to   space 11264K, 0% used [0x00000000f7200000,0x00000000f7200000,0x00000000f7d00000)
 ParOldGen       total 349696K, used 349696K [0x00000000e0000000, 0x00000000f5580000, 0x00000000f5580000)
  object space 349696K, 100% used [0x00000000e0000000,0x00000000f5580000,0x00000000f5580000)
 Metaspace       used 50335K, committed 51200K, reserved 1097728K
  class space    used 5012K, committed 5376K, reserved 1048576K
}
Event: 718.862 GC heap before
{Heap before GC invocations=634 (full 492):
 PSYoungGen      total 37888K, used 29183K [0x00000000f5580000, 0x00000000f8800000, 0x0000000100000000)
  eden space 29184K, 99% used [0x00000000f5580000,0x00000000f71ffff8,0x00000000f7200000)
  from space 8704K, 0% used [0x00000000f7f80000,0x00000000f7f80000,0x00000000f8800000)
  to   space 11264K, 0% used [0x00000000f7200000,0x00000000f7200000,0x00000000f7d00000)
 ParOldGen       total 349696K, used 349696K [0x00000000e0000000, 0x00000000f5580000, 0x00000000f5580000)
  object space 349696K, 100% used [0x00000000e0000000,0x00000000f5580000,0x00000000f5580000)
 Metaspace       used 50335K, committed 51200K, reserved 1097728K
  class space    used 5012K, committed 5376K, reserved 1048576K
}
Event: 720.083 GC heap after
{Heap after GC invocations=634 (full 492):
 PSYoungGen      total 40448K, used 29183K [0x00000000f5580000, 0x00000000f8800000, 0x0000000100000000)
  eden space 29184K, 99% used [0x00000000f5580000,0x00000000f71ffff8,0x00000000f7200000)
  from space 11264K, 0% used [0x00000000f7200000,0x00000000f7200000,0x00000000f7d00000)
  to   space 8704K, 0% used [0x00000000f7f80000,0x00000000f7f80000,0x00000000f8800000)
 ParOldGen       total 349696K, used 349696K [0x00000000e0000000, 0x00000000f5580000, 0x00000000f5580000)
  object space 349696K, 100% used [0x00000000e0000000,0x00000000f5580000,0x00000000f5580000)
 Metaspace       used 50335K, committed 51200K, reserved 1097728K
  class space    used 5012K, committed 5376K, reserved 1048576K
}
Event: 720.085 GC heap before
{Heap before GC invocations=635 (full 493):
 PSYoungGen      total 40448K, used 29183K [0x00000000f5580000, 0x00000000f8800000, 0x0000000100000000)
  eden space 29184K, 99% used [0x00000000f5580000,0x00000000f71ffff8,0x00000000f7200000)
  from space 11264K, 0% used [0x00000000f7200000,0x00000000f7200000,0x00000000f7d00000)
  to   space 8704K, 0% used [0x00000000f7f80000,0x00000000f7f80000,0x00000000f8800000)
 ParOldGen       total 349696K, used 349696K [0x00000000e0000000, 0x00000000f5580000, 0x00000000f5580000)
  object space 349696K, 100% used [0x00000000e0000000,0x00000000f5580000,0x00000000f5580000)
 Metaspace       used 50335K, committed 51200K, reserved 1097728K
  class space    used 5012K, committed 5376K, reserved 1048576K
}
Event: 721.532 GC heap after
{Heap after GC invocations=635 (full 493):
 PSYoungGen      total 37888K, used 29183K [0x00000000f5580000, 0x00000000f8800000, 0x0000000100000000)
  eden space 29184K, 99% used [0x00000000f5580000,0x00000000f71ffff8,0x00000000f7200000)
  from space 8704K, 0% used [0x00000000f7f80000,0x00000000f7f80000,0x00000000f8800000)
  to   space 11264K, 0% used [0x00000000f7200000,0x00000000f7200000,0x00000000f7d00000)
 ParOldGen       total 349696K, used 349694K [0x00000000e0000000, 0x00000000f5580000, 0x00000000f5580000)
  object space 349696K, 99% used [0x00000000e0000000,0x00000000f557fa60,0x00000000f5580000)
 Metaspace       used 50335K, committed 51200K, reserved 1097728K
  class space    used 5012K, committed 5376K, reserved 1048576K
}
Event: 721.533 GC heap before
{Heap before GC invocations=636 (full 494):
 PSYoungGen      total 37888K, used 29183K [0x00000000f5580000, 0x00000000f8800000, 0x0000000100000000)
  eden space 29184K, 99% used [0x00000000f5580000,0x00000000f71ffff8,0x00000000f7200000)
  from space 8704K, 0% used [0x00000000f7f80000,0x00000000f7f80000,0x00000000f8800000)
  to   space 11264K, 0% used [0x00000000f7200000,0x00000000f7200000,0x00000000f7d00000)
 ParOldGen       total 349696K, used 349695K [0x00000000e0000000, 0x00000000f5580000, 0x00000000f5580000)
  object space 349696K, 99% used [0x00000000e0000000,0x00000000f557ffb0,0x00000000f5580000)
 Metaspace       used 50335K, committed 51200K, reserved 1097728K
  class space    used 5012K, committed 5376K, reserved 1048576K
}
Event: 722.867 GC heap after
{Heap after GC invocations=636 (full 494):
 PSYoungGen      total 40448K, used 29183K [0x00000000f5580000, 0x00000000f8800000, 0x0000000100000000)
  eden space 29184K, 99% used [0x00000000f5580000,0x00000000f71fffc8,0x00000000f7200000)
  from space 11264K, 0% used [0x00000000f7200000,0x00000000f7200000,0x00000000f7d00000)
  to   space 8704K, 0% used [0x00000000f7f80000,0x00000000f7f80000,0x00000000f8800000)
 ParOldGen       total 349696K, used 349695K [0x00000000e0000000, 0x00000000f5580000, 0x00000000f5580000)
  object space 349696K, 99% used [0x00000000e0000000,0x00000000f557fe28,0x00000000f5580000)
 Metaspace       used 50335K, committed 51200K, reserved 1097728K
  class space    used 5012K, committed 5376K, reserved 1048576K
}
Event: 722.867 GC heap before
{Heap before GC invocations=637 (full 495):
 PSYoungGen      total 40448K, used 29183K [0x00000000f5580000, 0x00000000f8800000, 0x0000000100000000)
  eden space 29184K, 99% used [0x00000000f5580000,0x00000000f71fffc8,0x00000000f7200000)
  from space 11264K, 0% used [0x00000000f7200000,0x00000000f7200000,0x00000000f7d00000)
  to   space 8704K, 0% used [0x00000000f7f80000,0x00000000f7f80000,0x00000000f8800000)
 ParOldGen       total 349696K, used 349695K [0x00000000e0000000, 0x00000000f5580000, 0x00000000f5580000)
  object space 349696K, 99% used [0x00000000e0000000,0x00000000f557fe28,0x00000000f5580000)
 Metaspace       used 50335K, committed 51200K, reserved 1097728K
  class space    used 5012K, committed 5376K, reserved 1048576K
}
Event: 724.203 GC heap after
{Heap after GC invocations=637 (full 495):
 PSYoungGen      total 37888K, used 29183K [0x00000000f5580000, 0x00000000f8800000, 0x0000000100000000)
  eden space 29184K, 99% used [0x00000000f5580000,0x00000000f71fffc8,0x00000000f7200000)
  from space 8704K, 0% used [0x00000000f7f80000,0x00000000f7f80000,0x00000000f8800000)
  to   space 11264K, 0% used [0x00000000f7200000,0x00000000f7200000,0x00000000f7d00000)
 ParOldGen       total 349696K, used 349695K [0x00000000e0000000, 0x00000000f5580000, 0x00000000f5580000)
  object space 349696K, 99% used [0x00000000e0000000,0x00000000f557fe28,0x00000000f5580000)
 Metaspace       used 50335K, committed 51200K, reserved 1097728K
  class space    used 5012K, committed 5376K, reserved 1048576K
}

